<?xml version="1.0" encoding="UTF-8"?>
<!-- Generated by org.testng.reporters.JUnitReportReporter -->
<testsuite hostname="DESKTOP-MTTC497" failures="0" tests="1" name="testcases.TestCase" time="58.953" errors="0" timestamp="2022-05-07T13:39:03 IST" skipped="0">
  <testcase classname="testcases.TestCase" name="TC_001" time="58.953"/>
  <system-out/>
</testsuite> <!-- testcases.TestCase -->
